2025-09-11 17:50:30.581 [main] INFO  org.testng.internal.Utils - [TestNG] Running:
  C:\Users\Subodh\eclipse-workspace\SeleniumWorkspace\OpenCart1\grouping.xml

2025-09-11 17:50:33.718 [main] INFO  testCases.TC001_AccountRegistrationTest - ***** Starting TC001_AccountRegistrationTest *****
2025-09-11 17:50:34.204 [main] INFO  testCases.TC001_AccountRegistrationTest - Clicked on MyAccount Link
2025-09-11 17:50:34.687 [main] INFO  testCases.TC001_AccountRegistrationTest - Clicked on Register Link
2025-09-11 17:50:34.691 [main] INFO  testCases.TC001_AccountRegistrationTest - Providing Customer Details
2025-09-11 17:50:35.754 [main] INFO  testCases.TC001_AccountRegistrationTest - Validating expected mesaage..
2025-09-11 17:50:38.238 [main] INFO  testCases.TC001_AccountRegistrationTest - ***** Finished TC001_AccountRegistrationTest *****
2025-09-11 17:50:40.528 [main] INFO  testCases.TC002_LoginTest - ******Starting TC_002_LoginTest *****
2025-09-11 17:52:58.047 [main] INFO  org.testng.internal.Utils - [TestNG] Running:
  C:\Users\Subodh\eclipse-workspace\SeleniumWorkspace\OpenCart1\test-output\testng-failed.xml

2025-09-11 17:53:01.173 [main] INFO  testCases.TC002_LoginTest - ******Starting TC_002_LoginTest *****
2025-09-11 17:53:02.981 [main] INFO  testCases.TC002_LoginTest - ******Finished TC_002_LoginTest *****
2025-09-16 15:53:02.702 [main] INFO  org.testng.internal.Utils - [TestNG] Running:
  C:\Users\Subodh\eclipse-workspace\SeleniumWorkspace\OpenCart1\master.xml

2025-09-16 15:53:07.572 [main] INFO  testCases.TC001_AccountRegistrationTest - ***** Starting TC001_AccountRegistrationTest *****
2025-09-16 15:53:08.163 [main] INFO  testCases.TC001_AccountRegistrationTest - Clicked on MyAccount Link
2025-09-16 15:53:09.036 [main] INFO  testCases.TC001_AccountRegistrationTest - Clicked on Register Link
2025-09-16 15:53:09.039 [main] INFO  testCases.TC001_AccountRegistrationTest - Providing Customer Details
2025-09-16 15:53:13.139 [main] INFO  testCases.TC001_AccountRegistrationTest - Validating expected mesaage..
2025-09-16 15:53:13.212 [main] INFO  testCases.TC001_AccountRegistrationTest - ***** Finished TC001_AccountRegistrationTest *****
2025-09-16 15:53:15.548 [main] INFO  testCases.TC002_LoginTest - ******Starting TC_002_LoginTest *****
2025-09-16 15:53:17.108 [main] INFO  testCases.TC002_LoginTest - ******Finished TC_002_LoginTest *****
2025-09-16 15:55:14.789 [main] INFO  org.testng.internal.Utils - [TestNG] Running:
  C:\Users\Subodh\eclipse-workspace\SeleniumWorkspace\OpenCart1\master.xml

2025-09-16 15:55:17.998 [main] INFO  testCases.TC001_AccountRegistrationTest - ***** Starting TC001_AccountRegistrationTest *****
2025-09-16 15:55:18.497 [main] INFO  testCases.TC001_AccountRegistrationTest - Clicked on MyAccount Link
2025-09-16 15:55:19.247 [main] INFO  testCases.TC001_AccountRegistrationTest - Clicked on Register Link
2025-09-16 15:55:19.250 [main] INFO  testCases.TC001_AccountRegistrationTest - Providing Customer Details
2025-09-16 15:55:23.322 [main] INFO  testCases.TC001_AccountRegistrationTest - Validating expected mesaage..
2025-09-16 15:55:23.376 [main] INFO  testCases.TC001_AccountRegistrationTest - ***** Finished TC001_AccountRegistrationTest *****
2025-09-16 15:55:25.163 [main] INFO  testCases.TC002_LoginTest - ******Starting TC_002_LoginTest *****
2025-09-16 15:55:27.239 [main] INFO  testCases.TC002_LoginTest - ******Finished TC_002_LoginTest *****
2025-09-16 15:56:51.640 [main] INFO  org.testng.internal.Utils - [TestNG] Running:
  C:\Users\Subodh\eclipse-workspace\SeleniumWorkspace\OpenCart1\master.xml

2025-09-16 15:56:54.488 [main] INFO  testCases.TC001_AccountRegistrationTest - ***** Starting TC001_AccountRegistrationTest *****
2025-09-16 15:56:54.988 [main] INFO  testCases.TC001_AccountRegistrationTest - Clicked on MyAccount Link
2025-09-16 15:56:55.654 [main] INFO  testCases.TC001_AccountRegistrationTest - Clicked on Register Link
2025-09-16 15:56:55.658 [main] INFO  testCases.TC001_AccountRegistrationTest - Providing Customer Details
2025-09-16 15:56:59.428 [main] INFO  testCases.TC001_AccountRegistrationTest - Validating expected mesaage..
2025-09-16 15:56:59.491 [main] INFO  testCases.TC001_AccountRegistrationTest - ***** Finished TC001_AccountRegistrationTest *****
2025-09-16 15:57:01.469 [main] INFO  testCases.TC002_LoginTest - ******Starting TC_002_LoginTest *****
2025-09-16 15:57:04.041 [main] INFO  testCases.TC002_LoginTest - ******Finished TC_002_LoginTest *****
2025-09-16 15:58:26.832 [main] INFO  org.testng.internal.Utils - [TestNG] Running:
  C:\Users\Subodh\eclipse-workspace\SeleniumWorkspace\OpenCart1\crossbrowser.xml

2025-09-16 15:58:27.079 [TestNG-tests-3] INFO  testCases.TC001_AccountRegistrationTest - ***** Starting TC001_AccountRegistrationTest *****
2025-09-16 15:58:30.234 [TestNG-tests-1] INFO  testCases.TC001_AccountRegistrationTest - ***** Starting TC001_AccountRegistrationTest *****
2025-09-16 15:58:30.914 [TestNG-tests-1] INFO  testCases.TC001_AccountRegistrationTest - Clicked on MyAccount Link
