2025-09-22 15:33:06.091 [main] INFO  testCases.TC001_AccountRegistrationTest - Clicked on MyAccount Link.. 
2025-09-22 15:33:06.779 [main] INFO  testCases.TC001_AccountRegistrationTest - Clicked on Register Link.. 
2025-09-22 15:33:06.781 [main] INFO  testCases.TC001_AccountRegistrationTest - Providing customer details...
2025-09-22 15:33:09.107 [main] INFO  testCases.TC001_AccountRegistrationTest - Validating expected message..
2025-09-22 15:33:09.164 [main] INFO  testCases.TC001_AccountRegistrationTest - Test passed
2025-09-22 15:33:09.164 [main] INFO  testCases.TC001_AccountRegistrationTest - ***** Finished TC001_AccountRegistrationTest *****
2025-09-22 15:33:13.330 [main] INFO  testCases.TC002_LoginTest - ****** Startign TC_002_LoginTest *****
2025-09-22 15:35:58.631 [main] INFO  testCases.TC001_AccountRegistrationTest - ***** Starting TC001_AccountRegistrationTest  ****
2025-09-22 15:35:58.856 [main] INFO  testCases.TC001_AccountRegistrationTest - Clicked on MyAccount Link.. 
2025-09-22 15:35:59.719 [main] INFO  testCases.TC001_AccountRegistrationTest - Clicked on Register Link.. 
2025-09-22 15:35:59.721 [main] INFO  testCases.TC001_AccountRegistrationTest - Providing customer details...
2025-09-22 15:36:02.013 [main] INFO  testCases.TC001_AccountRegistrationTest - Validating expected message..
2025-09-22 15:36:02.098 [main] INFO  testCases.TC001_AccountRegistrationTest - Test passed
2025-09-22 15:36:02.098 [main] INFO  testCases.TC001_AccountRegistrationTest - ***** Finished TC001_AccountRegistrationTest *****
2025-09-22 15:36:05.877 [main] INFO  testCases.TC002_LoginTest - ****** Startign TC_002_LoginTest *****
2025-09-22 15:36:08.145 [main] INFO  testCases.TC002_LoginTest - ****** Finished TC_002_LoginTest *****
2025-09-22 15:37:00.989 [main] INFO  testCases.TC001_AccountRegistrationTest - ***** Starting TC001_AccountRegistrationTest  ****
2025-09-22 15:37:01.194 [main] INFO  testCases.TC001_AccountRegistrationTest - Clicked on MyAccount Link.. 
2025-09-22 15:37:01.987 [main] INFO  testCases.TC001_AccountRegistrationTest - Clicked on Register Link.. 
2025-09-22 15:37:01.990 [main] INFO  testCases.TC001_AccountRegistrationTest - Providing customer details...
2025-09-22 15:37:04.402 [main] INFO  testCases.TC001_AccountRegistrationTest - Validating expected message..
2025-09-22 15:37:04.477 [main] INFO  testCases.TC001_AccountRegistrationTest - Test passed
2025-09-22 15:37:04.477 [main] INFO  testCases.TC001_AccountRegistrationTest - ***** Finished TC001_AccountRegistrationTest *****
2025-09-22 15:37:07.928 [main] INFO  testCases.TC002_LoginTest - ****** Startign TC_002_LoginTest *****
2025-09-22 15:37:09.865 [main] INFO  testCases.TC002_LoginTest - ****** Finished TC_002_LoginTest *****
2025-09-22 16:07:31.925 [main] INFO  testCases.TC001_AccountRegistrationTest - ***** Starting TC001_AccountRegistrationTest  ****
2025-09-22 16:07:32.131 [main] INFO  testCases.TC001_AccountRegistrationTest - Clicked on MyAccount Link.. 
2025-09-22 16:07:33.053 [main] INFO  testCases.TC001_AccountRegistrationTest - Clicked on Register Link.. 
2025-09-22 16:07:33.059 [main] INFO  testCases.TC001_AccountRegistrationTest - Providing customer details...
2025-09-22 16:07:35.613 [main] INFO  testCases.TC001_AccountRegistrationTest - Validating expected message..
2025-09-22 16:07:35.699 [main] INFO  testCases.TC001_AccountRegistrationTest - Test passed
2025-09-22 16:07:35.700 [main] INFO  testCases.TC001_AccountRegistrationTest - ***** Finished TC001_AccountRegistrationTest *****
2025-09-22 16:07:39.230 [main] INFO  testCases.TC002_LoginTest - ****** Startign TC_002_LoginTest *****
2025-09-22 16:07:41.503 [main] INFO  testCases.TC002_LoginTest - ****** Finished TC_002_LoginTest *****
2025-09-22 16:30:43.957 [main] INFO  testCases.TC001_AccountRegistrationTest - ***** Starting TC001_AccountRegistrationTest  ****
2025-09-22 16:30:44.178 [main] INFO  testCases.TC001_AccountRegistrationTest - Clicked on MyAccount Link.. 
2025-09-22 16:30:45.166 [main] INFO  testCases.TC001_AccountRegistrationTest - Clicked on Register Link.. 
2025-09-22 16:30:45.166 [main] INFO  testCases.TC001_AccountRegistrationTest - Providing customer details...
2025-09-22 16:30:47.736 [main] INFO  testCases.TC001_AccountRegistrationTest - Validating expected message..
2025-09-22 16:30:47.823 [main] INFO  testCases.TC001_AccountRegistrationTest - Test passed
2025-09-22 16:30:47.823 [main] INFO  testCases.TC001_AccountRegistrationTest - ***** Finished TC001_AccountRegistrationTest *****
2025-09-22 16:30:51.404 [main] INFO  testCases.TC002_LoginTest - ****** Startign TC_002_LoginTest *****
2025-09-22 16:30:53.604 [main] INFO  testCases.TC002_LoginTest - ****** Finished TC_002_LoginTest *****
