2025-09-17 16:47:49.092 [main] INFO  testCases.TC001_AccountRegistrationTest - Validating expected message..
2025-09-17 16:47:49.182 [main] INFO  testCases.TC001_AccountRegistrationTest - Test passed
2025-09-17 16:47:49.182 [main] INFO  testCases.TC001_AccountRegistrationTest - ***** Finished TC001_AccountRegistrationTest *****
2025-09-17 16:47:52.719 [main] INFO  testCases.TC002_LoginTest - ****** Startign TC_002_LoginTest *****
2025-09-17 16:50:45.616 [main] INFO  testCases.TC001_AccountRegistrationTest - ***** Starting TC001_AccountRegistrationTest  ****
2025-09-17 16:50:45.858 [main] INFO  testCases.TC001_AccountRegistrationTest - Clicked on MyAccount Link.. 
2025-09-17 16:50:46.496 [main] INFO  testCases.TC001_AccountRegistrationTest - Clicked on Register Link.. 
2025-09-17 16:50:46.501 [main] INFO  testCases.TC001_AccountRegistrationTest - Providing customer details...
2025-09-17 16:50:48.601 [main] INFO  testCases.TC001_AccountRegistrationTest - Validating expected message..
2025-09-17 16:50:48.666 [main] INFO  testCases.TC001_AccountRegistrationTest - Test passed
2025-09-17 16:50:48.666 [main] INFO  testCases.TC001_AccountRegistrationTest - ***** Finished TC001_AccountRegistrationTest *****
2025-09-17 16:50:52.017 [main] INFO  testCases.TC002_LoginTest - ****** Startign TC_002_LoginTest *****
2025-09-17 17:10:09.121 [main] INFO  testCases.TC001_AccountRegistrationTest - ***** Starting TC001_AccountRegistrationTest  ****
2025-09-17 17:10:09.338 [main] INFO  testCases.TC001_AccountRegistrationTest - Clicked on MyAccount Link.. 
2025-09-17 17:10:10.213 [main] INFO  testCases.TC001_AccountRegistrationTest - Clicked on Register Link.. 
2025-09-17 17:10:10.215 [main] INFO  testCases.TC001_AccountRegistrationTest - Providing customer details...
2025-09-17 17:10:12.576 [main] INFO  testCases.TC001_AccountRegistrationTest - Validating expected message..
2025-09-17 17:10:12.660 [main] INFO  testCases.TC001_AccountRegistrationTest - Test passed
2025-09-17 17:10:12.660 [main] INFO  testCases.TC001_AccountRegistrationTest - ***** Finished TC001_AccountRegistrationTest *****
2025-09-17 17:10:16.246 [main] INFO  testCases.TC002_LoginTest - ****** Startign TC_002_LoginTest *****
2025-09-22 15:27:39.884 [main] INFO  testCases.TC001_AccountRegistrationTest - ***** Starting TC001_AccountRegistrationTest  ****
2025-09-22 15:27:40.303 [main] INFO  testCases.TC001_AccountRegistrationTest - Clicked on MyAccount Link.. 
2025-09-22 15:27:40.933 [main] INFO  testCases.TC001_AccountRegistrationTest - Clicked on Register Link.. 
2025-09-22 15:27:40.938 [main] INFO  testCases.TC001_AccountRegistrationTest - Providing customer details...
2025-09-22 15:27:43.375 [main] INFO  testCases.TC001_AccountRegistrationTest - Validating expected message..
2025-09-22 15:27:43.445 [main] INFO  testCases.TC001_AccountRegistrationTest - Test passed
2025-09-22 15:27:43.446 [main] INFO  testCases.TC001_AccountRegistrationTest - ***** Finished TC001_AccountRegistrationTest *****
2025-09-22 15:27:46.977 [main] INFO  testCases.TC002_LoginTest - ****** Startign TC_002_LoginTest *****
2025-09-22 15:31:14.874 [main] INFO  testCases.TC001_AccountRegistrationTest - ***** Starting TC001_AccountRegistrationTest  ****
2025-09-22 15:31:15.047 [main] INFO  testCases.TC001_AccountRegistrationTest - Clicked on MyAccount Link.. 
2025-09-22 15:31:15.964 [main] INFO  testCases.TC001_AccountRegistrationTest - Clicked on Register Link.. 
2025-09-22 15:31:15.965 [main] INFO  testCases.TC001_AccountRegistrationTest - Providing customer details...
2025-09-22 15:31:18.360 [main] INFO  testCases.TC001_AccountRegistrationTest - Validating expected message..
2025-09-22 15:31:18.426 [main] INFO  testCases.TC001_AccountRegistrationTest - Test passed
2025-09-22 15:31:18.426 [main] INFO  testCases.TC001_AccountRegistrationTest - ***** Finished TC001_AccountRegistrationTest *****
2025-09-22 15:31:22.403 [main] INFO  testCases.TC002_LoginTest - ****** Startign TC_002_LoginTest *****
2025-09-22 15:31:56.344 [main] INFO  testCases.TC001_AccountRegistrationTest - ***** Starting TC001_AccountRegistrationTest  ****
2025-09-22 15:31:56.484 [main] INFO  testCases.TC001_AccountRegistrationTest - Clicked on MyAccount Link.. 
2025-09-22 15:31:57.182 [main] INFO  testCases.TC001_AccountRegistrationTest - Clicked on Register Link.. 
2025-09-22 15:31:57.185 [main] INFO  testCases.TC001_AccountRegistrationTest - Providing customer details...
2025-09-22 15:31:59.280 [main] INFO  testCases.TC001_AccountRegistrationTest - Validating expected message..
2025-09-22 15:31:59.333 [main] INFO  testCases.TC001_AccountRegistrationTest - Test passed
2025-09-22 15:31:59.333 [main] INFO  testCases.TC001_AccountRegistrationTest - ***** Finished TC001_AccountRegistrationTest *****
2025-09-22 15:32:02.950 [main] INFO  testCases.TC002_LoginTest - ****** Startign TC_002_LoginTest *****
2025-09-22 15:33:05.802 [main] INFO  testCases.TC001_AccountRegistrationTest - ***** Starting TC001_AccountRegistrationTest  ****
