2025-08-20 16:28:50.558 [main] INFO  testCases.TC002_LoginTest - ******Starting TC_002_LoginTest *****
2025-08-20 16:28:52.253 [main] INFO  testCases.TC002_LoginTest - ******Finished TC_002_LoginTest *****
2025-08-20 18:15:11.607 [main] INFO  org.testng.internal.Utils - [TestNG] Running:
  C:\Users\Subodh\eclipse-workspace\SeleniumWorkspace\OpenCart1\master.xml

2025-08-20 20:40:31.604 [main] INFO  org.testng.internal.Utils - [TestNG] Running:
  C:\Users\Subodh\eclipse-workspace\SeleniumWorkspace\OpenCart1\master.xml

2025-08-20 20:44:18.709 [main] INFO  org.testng.internal.Utils - [TestNG] Running:
  C:\Users\Subodh\eclipse-workspace\SeleniumWorkspace\OpenCart1\master.xml

2025-09-11 16:02:41.585 [main] INFO  org.testng.internal.Utils - [TestNG] Running:
  C:\Users\Subodh\eclipse-workspace\SeleniumWorkspace\OpenCart1\master.xml

2025-09-11 16:07:00.044 [main] INFO  org.testng.internal.Utils - [TestNG] Running:
  C:\Users\Subodh\eclipse-workspace\SeleniumWorkspace\OpenCart1\master.xml

2025-09-11 16:13:04.918 [main] INFO  org.testng.internal.Utils - [TestNG] Running:
  C:\Users\Subodh\eclipse-workspace\SeleniumWorkspace\OpenCart1\master.xml

2025-09-11 16:39:43.528 [main] INFO  org.testng.internal.Utils - [TestNG] Running:
  C:\Users\Subodh\eclipse-workspace\SeleniumWorkspace\OpenCart1\master.xml

2025-09-11 16:39:48.558 [main] INFO  testCases.TC003_LoginDDT - ******Starting TC_003_LoginDDT *****
2025-09-11 16:39:50.420 [main] INFO  testCases.TC003_LoginDDT - ******Finished TC_003_LoginDDT *****
2025-09-11 16:39:50.427 [main] INFO  testCases.TC003_LoginDDT - ******Starting TC_003_LoginDDT *****
2025-09-11 16:40:01.735 [main] INFO  testCases.TC003_LoginDDT - ******Finished TC_003_LoginDDT *****
2025-09-11 16:40:01.748 [main] INFO  testCases.TC003_LoginDDT - ******Starting TC_003_LoginDDT *****
2025-09-11 16:40:03.736 [main] INFO  testCases.TC003_LoginDDT - ******Starting TC_003_LoginDDT *****
2025-09-11 16:48:55.607 [main] INFO  org.testng.internal.Utils - [TestNG] Running:
  C:\Users\Subodh\eclipse-workspace\SeleniumWorkspace\OpenCart1\master.xml

2025-09-11 16:48:59.681 [main] INFO  testCases.TC003_LoginDDT - ******Starting TC_003_LoginDDT *****
2025-09-11 16:49:01.774 [main] INFO  testCases.TC003_LoginDDT - ******Finished TC_003_LoginDDT *****
2025-09-11 16:49:01.784 [main] INFO  testCases.TC003_LoginDDT - ******Starting TC_003_LoginDDT *****
2025-09-11 16:49:13.072 [main] INFO  testCases.TC003_LoginDDT - ******Finished TC_003_LoginDDT *****
2025-09-11 16:49:13.076 [main] INFO  testCases.TC003_LoginDDT - ******Starting TC_003_LoginDDT *****
2025-09-11 16:49:23.958 [main] INFO  testCases.TC003_LoginDDT - ******Finished TC_003_LoginDDT *****
2025-09-11 16:49:23.965 [main] INFO  testCases.TC003_LoginDDT - ******Starting TC_003_LoginDDT *****
2025-09-11 16:49:35.216 [main] INFO  testCases.TC003_LoginDDT - ******Finished TC_003_LoginDDT *****
2025-09-11 17:01:26.161 [main] INFO  org.testng.internal.Utils - [TestNG] Running:
  C:\Users\Subodh\eclipse-workspace\SeleniumWorkspace\OpenCart1\master.xml

2025-09-11 17:01:30.292 [main] INFO  testCases.TC003_LoginDDT - ******Starting TC_003_LoginDDT *****
2025-09-11 17:01:35.377 [main] INFO  testCases.TC003_LoginDDT - ******Finished TC_003_LoginDDT *****
2025-09-11 17:01:35.389 [main] INFO  testCases.TC003_LoginDDT - ******Starting TC_003_LoginDDT *****
2025-09-11 17:01:46.757 [main] INFO  testCases.TC003_LoginDDT - ******Starting TC_003_LoginDDT *****
2025-09-11 17:01:57.762 [main] INFO  testCases.TC003_LoginDDT - ******Starting TC_003_LoginDDT *****
2025-09-11 17:02:12.049 [main] INFO  testCases.TC003_LoginDDT - ******Finished TC_003_LoginDDT *****
2025-09-11 17:02:12.059 [main] INFO  testCases.TC003_LoginDDT - ******Starting TC_003_LoginDDT *****
2025-09-11 17:02:23.281 [main] INFO  testCases.TC003_LoginDDT - ******Starting TC_003_LoginDDT *****
2025-09-11 17:02:37.003 [main] INFO  testCases.TC003_LoginDDT - ******Finished TC_003_LoginDDT *****
2025-09-11 17:43:58.627 [main] INFO  org.testng.internal.Utils - [TestNG] Running:
  C:\Users\Subodh\eclipse-workspace\SeleniumWorkspace\OpenCart1\grouping.xml

2025-09-11 17:44:02.418 [main] INFO  testCases.TC001_AccountRegistrationTest - ***** Starting TC001_AccountRegistrationTest *****
2025-09-11 17:44:02.924 [main] INFO  testCases.TC001_AccountRegistrationTest - Clicked on MyAccount Link
2025-09-11 17:44:03.395 [main] INFO  testCases.TC001_AccountRegistrationTest - Clicked on Register Link
2025-09-11 17:44:03.399 [main] INFO  testCases.TC001_AccountRegistrationTest - Providing Customer Details
2025-09-11 17:44:07.338 [main] INFO  testCases.TC001_AccountRegistrationTest - Validating expected mesaage..
2025-09-11 17:44:07.390 [main] INFO  testCases.TC001_AccountRegistrationTest - ***** Finished TC001_AccountRegistrationTest *****
2025-09-11 17:44:09.653 [main] INFO  testCases.TC002_LoginTest - ******Starting TC_002_LoginTest *****
2025-09-11 17:44:11.524 [main] INFO  testCases.TC002_LoginTest - ******Finished TC_002_LoginTest *****
